2025-04-04 08:49:56.588871 - Received CBT.V508.FILE381.PDS from FILE381.XMI 
2025-04-04 08:49:56.590282 - Found $$$#DATE.txt (text/plain) in CBT.V508.FILE381.PDS, moved to PDS/$$$#DATE
2025-04-04 08:49:56.590466 - Found $DOC.txt (text/plain) in CBT.V508.FILE381.PDS, moved to PDS/$DOC
2025-04-04 08:49:56.590609 - Found @FILE381.txt (text/plain) in CBT.V508.FILE381.PDS, moved to PDS/@FILE381
2025-04-04 08:49:56.590768 - Found AUTHSVC.txt (text/plain) in CBT.V508.FILE381.PDS, moved to PDS/AUTHSVC
2025-04-04 08:49:56.590894 - Found CONSOLE.txt (text/plain) in CBT.V508.FILE381.PDS, moved to PDS/CONSOLE
2025-04-04 08:49:56.591045 - Found DSAT.txt (text/plain) in CBT.V508.FILE381.PDS, moved to PDS/DSAT
2025-04-04 08:49:56.591185 - Found FZ50V0.txt (text/plain) in CBT.V508.FILE381.PDS, moved to PDS/FZ50V0
2025-04-04 08:49:56.591304 - Found FZ51V0.txt (text/plain) in CBT.V508.FILE381.PDS, moved to PDS/FZ51V0
2025-04-04 08:49:56.591422 - Found HASPXIT0.txt (text/plain) in CBT.V508.FILE381.PDS, moved to PDS/HASPXIT0
2025-04-04 08:49:56.591552 - Found HOOPER.txt (text/plain) in CBT.V508.FILE381.PDS, moved to PDS/HOOPER
2025-04-04 08:49:56.591690 - Found JES$LF.txt (text/plain) in CBT.V508.FILE381.PDS, moved to PDS/JES$LF
2025-04-04 08:49:56.591819 - Found JESEXIT1.txt (text/plain) in CBT.V508.FILE381.PDS, moved to PDS/JESEXIT1
2025-04-04 08:49:56.591933 - Found JESEXIT3.txt (text/plain) in CBT.V508.FILE381.PDS, moved to PDS/JESEXIT3
2025-04-04 08:49:56.592046 - Found JESEXIT5.txt (text/plain) in CBT.V508.FILE381.PDS, moved to PDS/JESEXIT5
2025-04-04 08:49:56.592221 - Found JESEXIT6.txt (text/plain) in CBT.V508.FILE381.PDS, moved to PDS/JESEXIT6
2025-04-04 08:49:56.592359 - Found JESEXIT7.txt (text/plain) in CBT.V508.FILE381.PDS, moved to PDS/JESEXIT7
2025-04-04 08:49:56.592507 - Found JESEXIT9.txt (text/plain) in CBT.V508.FILE381.PDS, moved to PDS/JESEXIT9
2025-04-04 08:49:56.592673 - Found JESRESRC.txt (text/plain) in CBT.V508.FILE381.PDS, moved to PDS/JESRESRC
2025-04-04 08:49:56.592793 - Found JESTABLE.txt (text/plain) in CBT.V508.FILE381.PDS, moved to PDS/JESTABLE
2025-04-04 08:49:56.592928 - Found JESXIT17.txt (text/plain) in CBT.V508.FILE381.PDS, moved to PDS/JESXIT17
2025-04-04 08:49:56.593049 - Found JESXIT21.txt (text/plain) in CBT.V508.FILE381.PDS, moved to PDS/JESXIT21
2025-04-04 08:49:56.593232 - Found J001$SP.txt (text/plain) in CBT.V508.FILE381.PDS, moved to PDS/J001$SP
2025-04-04 08:49:56.593368 - Found J002SPRT.txt (text/plain) in CBT.V508.FILE381.PDS, moved to PDS/J002SPRT
2025-04-04 08:49:56.593503 - Found J003STCS.txt (text/plain) in CBT.V508.FILE381.PDS, moved to PDS/J003STCS
2025-04-04 08:49:56.593622 - Found J003UNJH.txt (text/plain) in CBT.V508.FILE381.PDS, moved to PDS/J003UNJH
2025-04-04 08:49:56.593746 - Found J004$JEC.txt (text/plain) in CBT.V508.FILE381.PDS, moved to PDS/J004$JEC
2025-04-04 08:49:56.593865 - Found J004$OWN.txt (text/plain) in CBT.V508.FILE381.PDS, moved to PDS/J004$OWN
2025-04-04 08:49:56.593988 - Found J005$DV.txt (text/plain) in CBT.V508.FILE381.PDS, moved to PDS/J005$DV
2025-04-04 08:49:56.594116 - Found J005$LF.txt (text/plain) in CBT.V508.FILE381.PDS, moved to PDS/J005$LF
2025-04-04 08:49:56.594231 - Found J005$QJ.txt (text/plain) in CBT.V508.FILE381.PDS, moved to PDS/J005$QJ
2025-04-04 08:49:56.594353 - Found J005$QN.txt (text/plain) in CBT.V508.FILE381.PDS, moved to PDS/J005$QN
2025-04-04 08:49:56.594486 - Found J005$SL.txt (text/plain) in CBT.V508.FILE381.PDS, moved to PDS/J005$SL
2025-04-04 08:49:56.594615 - Found J005$SR.txt (text/plain) in CBT.V508.FILE381.PDS, moved to PDS/J005$SR
2025-04-04 08:49:56.594736 - Found J005$UA.txt (text/plain) in CBT.V508.FILE381.PDS, moved to PDS/J005$UA
2025-04-04 08:49:56.594860 - Found J005$UH.txt (text/plain) in CBT.V508.FILE381.PDS, moved to PDS/J005$UH
2025-04-04 08:49:56.594987 - Found J005$UL.txt (text/plain) in CBT.V508.FILE381.PDS, moved to PDS/J005$UL
2025-04-04 08:49:56.595104 - Found J005FILT.txt (text/plain) in CBT.V508.FILE381.PDS, moved to PDS/J005FILT
2025-04-04 08:49:56.595222 - Found J005JIT.txt (text/plain) in CBT.V508.FILE381.PDS, moved to PDS/J005JIT
2025-04-04 08:49:56.595354 - Found J005LOAD.txt (text/plain) in CBT.V508.FILE381.PDS, moved to PDS/J005LOAD
2025-04-04 08:49:56.595475 - Found J005UCC7.txt (text/plain) in CBT.V508.FILE381.PDS, moved to PDS/J005UCC7
2025-04-04 08:49:56.595633 - Found J006STDS.txt (text/plain) in CBT.V508.FILE381.PDS, moved to PDS/J006STDS
2025-04-04 08:49:56.595764 - Found J007ENDJ.txt (text/plain) in CBT.V508.FILE381.PDS, moved to PDS/J007ENDJ
2025-04-04 08:49:56.595880 - Found J007JCTU.txt (text/plain) in CBT.V508.FILE381.PDS, moved to PDS/J007JCTU
2025-04-04 08:49:56.596008 - Found J007JQEU.txt (text/plain) in CBT.V508.FILE381.PDS, moved to PDS/J007JQEU
2025-04-04 08:49:56.596129 - Found J007RACF.txt (text/plain) in CBT.V508.FILE381.PDS, moved to PDS/J007RACF
2025-04-04 08:49:56.596249 - Found J007REST.txt (text/plain) in CBT.V508.FILE381.PDS, moved to PDS/J007REST
2025-04-04 08:49:56.596356 - Found J007RLSE.txt (text/plain) in CBT.V508.FILE381.PDS, moved to PDS/J007RLSE
2025-04-04 08:49:56.596471 - Found J011SPRT.txt (text/plain) in CBT.V508.FILE381.PDS, moved to PDS/J011SPRT
2025-04-04 08:49:56.596603 - Found J014$JSL.txt (text/plain) in CBT.V508.FILE381.PDS, moved to PDS/J014$JSL
2025-04-04 08:49:56.596720 - Found J015$SP.txt (text/plain) in CBT.V508.FILE381.PDS, moved to PDS/J015$SP
2025-04-04 08:49:56.596838 - Found J020UHLD.txt (text/plain) in CBT.V508.FILE381.PDS, moved to PDS/J020UHLD
2025-04-04 08:49:56.596952 - Found J021$57.txt (text/plain) in CBT.V508.FILE381.PDS, moved to PDS/J021$57
2025-04-04 08:49:56.597087 - Found J024JIT.txt (text/plain) in CBT.V508.FILE381.PDS, moved to PDS/J024JIT
2025-04-04 08:49:56.597211 - Found J255$FMT.txt (text/plain) in CBT.V508.FILE381.PDS, moved to PDS/J255$FMT
2025-04-04 08:49:56.597334 - Found PRINTDOC.jcl (text/plain) in CBT.V508.FILE381.PDS, moved to PDS/PRINTDOC
2025-04-04 08:49:56.597449 - Found TESTJES.txt (text/plain) in CBT.V508.FILE381.PDS, moved to PDS/TESTJES
2025-04-04 08:49:56.597567 - Found TESTJ136.txt (text/plain) in CBT.V508.FILE381.PDS, moved to PDS/TESTJ136
